SCAM Version 0.1
Please be gentle

> ()
> ()
> ()
> ((coffee) ((tea)) (and (hick)))
> (((tomato)) ((bean)) (and ((flying))))
> ()
> ((how much (wood)) could ((a (wood) chuck roast)) (((chuck roast))) (if (a) ((wood chuck roast))) could chuck roast wood)
> ()
> 5
> ()
> ((orange) (split ((((orange ice))) (cream (orange)) sherbet)) (orange) (bread) (orange brandy))
> ()
> ((how much (wood)) could ((a (wood) pecker chuck)) (((pecker chuck))) (if (a) ((wood pecker chuck))) could pecker chuck wood)
> ()
> #t
> ()
> potato
> hot
> ()
> #t
> #f
> #f
> #f
> #t
> ()
> #t
> #f
> #f
> #f
> #t
> ()
> #t
> #f
> #f
> #t
> #f
> #f
> #f
> #t
> #t
> #t
> ()
> #t
> #f
> #f
> #t
> #f
> #f
> #f
> #t
> #t
> #t
> ()
> #t
> #f
> #f
> #f
> #t
> ()
> (apples oranges)
> 