SCAM Version 0.1
Please be gentle

> ()
> ()
> ()
> ()
> ()
> ()
> ()
> (6 2 3)
> (1 3 4 5)
> (beans are good)
> (lemonade and (cake))
> ()
> #t
> #f
> ()
> #t
> #f
> ()
> (6 2 3)
> (1 3 4 5)
> (beans are good)
> (lemonade and (cake))
> ()
> (salad is good)
> (shrimp salad and salad)
> (equal? eqan? eqlist? eqpair?)
> ()
> (a b c d e f g d h)
> ()
> (a b c d e f g d h)
> ()
> ()
> ()
> ()
> ()
> (a b c d e f g d h)
> (a b c d e f g d h)
> ()
> (a b c d e f g d h)
> ()
> ()
> ()
> (ice cream with topping for dessert)
> ()
> ()
> (pizza with and bacon)
> ()
> ()
> ()
> fn:+
> ()
> ()
> ()
> 13
> 4
> 82
> ()
> ()
> (shrimp salad salad and)
> ()
> ()
> ()
> (shrimp salad salad and)
> ()
> ()
> #f
> #t
> #f
> ()
> #f
> #f
> #f
> ()
> 3
> 0
> 0
> ()
> (x a o x a o b x o b x b x x a b x o)
> ()
> ()
> ()
> ()
> (chips salty and salty fish or salty fish and chips salty)
> 2
> 2
> ()
> ((2 8) 10 (() 6) 2)
> ()
> ()
> ((2 8) 10 (() 6) 2)
> ()
> 1920
> ()
> 38
> ()
> (38 1920 (2 8) 10 (() 6) 2)
> 