SCAM Version 0.1
Please be gentle

> ()
> ((appetizer entree bevarage) (pate boeuf vin))
> ((appetizer entree bevarage) (beer beer beer))
> ((bevarage dessert) ((food is) (number one with us)))
> ()
> ()
> ((appetizer entrée bevarage) (pate boeuf vin))
> ((appetizer entrée bevarage) (beer beer beer))
> ((bevarage dessert) ((food is) (number one with us)))
> ()
> ()
> ()
> ()
> ()
> boeuf
> tastes
> ()
> ()
> (((appetizer entrée beverage) (pate boeuf vin)) ((beverage dessert) ((food is) (number one with us))))
> ()
> ()
> spaghetti
> good
> ()
> ()
> ()
> ()
> ()
> ()
> ()
> ()
> ()
> ()
> ()
> ()
> ()
> ()
> ()
> ()
> ()
> ()
> ()
> ()
> 5
> ()
> ()
> ()
> ()
> ()
> ()
> ()
> ()
> ()
> ()
> 7
> (a b c)
> a
> (b c)
> ((foo bar baz))
> true
> 