SCAM Version 0.1
Please be gentle

> ()
> (lamb chops and flavored mint jelly)
> (bacon lettuce and tomato)
> (coffee tea cup and hick cup)
> ()
> (apple plum grape bean)
> (a c e)
> (five four eleven)
> ((five plums) eleven (no))
> ()
> (ice cream with fudge topping for dessert)
> (tacos tamales and jalapeno salsa)
> (a b c d e f g d h)
> ()
> (a b c d e g d h)
> ()
> (ice cream with topping for dessert)
> ()
> (vanilla ice cream with chocolate topping)
> ()
> (coffee tea and hick)
> ()
> (a x b c d e a x a x b)
> ()
> (x a b c d e x a x a b)
> ()
> (x b c d e x x b)
> 